2018-05-31 15:27:36:871 [943 ms] INFO  [       c.u.d.DingzikaifaApplication.logStarting:50] ---- Starting DingzikaifaApplication on guq-pc with PID 7712 (C:\git\dingzikaifa\target\classes started by guq-pc in C:\git\dingzikaifa)
2018-05-31 15:27:36:896 [968 ms] INFO  [d.DingzikaifaApplication.logStartupProfileInfo:659] ---- No active profile set, falling back to default profiles: default
2018-05-31 15:27:37:017 [1089 ms] INFO  [vletWebServerApplicationContext.prepareRefresh:590] ---- Refreshing org.springframework.boot.web.servlet.context.AnnotationConfigServletWebServerApplicationContext@50b472aa: startup date [Thu May 31 15:27:37 CST 2018]; root of context hierarchy
2018-05-31 15:27:38:107 [2179 ms] WARN  [    o.m.s.mapper.ClassPathMapperScanner.doScan:166] ---- No MyBatis mapper was found in '[com.uas.dingzikaifa]' package. Please check your configuration.
2018-05-31 15:27:38:746 [2818 ms] INFO  [    o.s.b.w.e.tomcat.TomcatWebServer.initialize:91] ---- Tomcat initialized with port(s): 8673 (http)
2018-05-31 15:27:38:759 [2831 ms] INFO  [       o.a.coyote.http11.Http11NioProtocol.log:180] ---- Initializing ProtocolHandler ["http-nio-8673"]
2018-05-31 15:27:38:769 [2841 ms] INFO  [         o.a.catalina.core.StandardService.log:180] ---- Starting service [Tomcat]
2018-05-31 15:27:38:770 [2842 ms] INFO  [          o.a.catalina.core.StandardEngine.log:180] ---- Starting Servlet Engine: Apache Tomcat/8.5.31
2018-05-31 15:27:38:774 [2846 ms] INFO  [           o.a.c.core.AprLifecycleListener.log:180] ---- The APR based Apache Tomcat Native library which allows optimal performance in production environments was not found on the java.library.path: [C:\jdk1.8\bin;C:\WINDOWS\Sun\Java\bin;C:\WINDOWS\system32;C:\WINDOWS;C:\ProgramData\Oracle\Java\javapath;C:\app\guq-pc\product\11.2.0\dbhome_1\bin;C:\Program Files (x86)\Intel\iCLS Client\;C:\Program Files\Intel\iCLS Client\;C:\Windows\system32;C:\Windows;C:\Windows\System32\Wbem;C:\Windows\System32\WindowsPowerShell\v1.0\;C:\Program Files (x86)\Intel\Intel(R) Management Engine Components\DAL;C:\Program Files\Intel\Intel(R) Management Engine Components\DAL;C:\Program Files (x86)\Intel\Intel(R) Management Engine Components\IPT;C:\Program Files\Intel\Intel(R) Management Engine Components\IPT;C:\Program Files (x86)\NVIDIA Corporation\PhysX\Common;C:\jdk1.7.0_17\bin;C:\WINDOWS\system32;C:\WINDOWS;C:\WINDOWS\System32\Wbem;C:\WINDOWS\System32\WindowsPowerShell\v1.0\;C:\Program Files\OpenVPN\bin;C:\apache-maven-3.2.1\bin;C:\Program Files\TortoiseSVN\bin;C:\Program Files\Git\cmd;C:\Users\guh-pc\AppData\Local\Microsoft\WindowsApps;C:\Users\guh-pc\AppData\Local\GitHubDesktop\bin;%USERPROFILE%\AppData\Local\Microsoft\WindowsApps;;.]
2018-05-31 15:27:38:871 [2943 ms] INFO  [        o.a.c.c.C.[Tomcat].[localhost].[/].log:180] ---- Initializing Spring embedded WebApplicationContext
2018-05-31 15:27:38:872 [2944 ms] INFO  [ext.ContextLoader.prepareWebApplicationContext:285] ---- Root WebApplicationContext: initialization completed in 1855 ms
2018-05-31 15:27:39:000 [3072 ms] INFO  [.b.w.s.ServletRegistrationBean.addRegistration:185] ---- Servlet dispatcherServlet mapped to [/]
2018-05-31 15:27:39:005 [3077 ms] INFO  [    o.s.b.w.s.FilterRegistrationBean.configure:244] ---- Mapping filter: 'characterEncodingFilter' to: [/*]
2018-05-31 15:27:39:006 [3078 ms] INFO  [    o.s.b.w.s.FilterRegistrationBean.configure:244] ---- Mapping filter: 'hiddenHttpMethodFilter' to: [/*]
2018-05-31 15:27:39:006 [3078 ms] INFO  [    o.s.b.w.s.FilterRegistrationBean.configure:244] ---- Mapping filter: 'httpPutFormContentFilter' to: [/*]
2018-05-31 15:27:39:006 [3078 ms] INFO  [    o.s.b.w.s.FilterRegistrationBean.configure:244] ---- Mapping filter: 'requestContextFilter' to: [/*]
2018-05-31 15:27:39:269 [3341 ms] INFO  [.w.s.h.SimpleUrlHandlerMapping.registerHandler:373] ---- Mapped URL path [/**/favicon.ico] onto handler of type [class org.springframework.web.servlet.resource.ResourceHttpRequestHandler]
2018-05-31 15:27:39:483 [3555 ms] INFO  [appingHandlerAdapter.initControllerAdviceCache:574] ---- Looking for @ControllerAdvice: org.springframework.boot.web.servlet.context.AnnotationConfigServletWebServerApplicationContext@50b472aa: startup date [Thu May 31 15:27:37 CST 2018]; root of context hierarchy
2018-05-31 15:27:39:561 [3633 ms] INFO  [.s.m.m.a.RequestMappingHandlerMapping.register:547] ---- Mapped "{[/dingzikaifa/getVersion]}" onto public java.lang.String com.uas.dingzikaifa.controller.ReqController.getVersion()
2018-05-31 15:27:39:564 [3636 ms] INFO  [.s.m.m.a.RequestMappingHandlerMapping.register:547] ---- Mapped "{[/dingzikaifa/toProdOut.action]}" onto public boolean com.uas.dingzikaifa.controller.ReqController.toProdOut(java.lang.String,java.lang.String) throws java.lang.IllegalAccessException
2018-05-31 15:27:39:566 [3638 ms] INFO  [.s.m.m.a.RequestMappingHandlerMapping.register:547] ---- Mapped "{[/error]}" onto public org.springframework.http.ResponseEntity<java.util.Map<java.lang.String, java.lang.Object>> org.springframework.boot.autoconfigure.web.servlet.error.BasicErrorController.error(javax.servlet.http.HttpServletRequest)
2018-05-31 15:27:39:567 [3639 ms] INFO  [.s.m.m.a.RequestMappingHandlerMapping.register:547] ---- Mapped "{[/error],produces=[text/html]}" onto public org.springframework.web.servlet.ModelAndView org.springframework.boot.autoconfigure.web.servlet.error.BasicErrorController.errorHtml(javax.servlet.http.HttpServletRequest,javax.servlet.http.HttpServletResponse)
2018-05-31 15:27:39:594 [3666 ms] INFO  [.w.s.h.SimpleUrlHandlerMapping.registerHandler:373] ---- Mapped URL path [/webjars/**] onto handler of type [class org.springframework.web.servlet.resource.ResourceHttpRequestHandler]
2018-05-31 15:27:39:594 [3666 ms] INFO  [.w.s.h.SimpleUrlHandlerMapping.registerHandler:373] ---- Mapped URL path [/**] onto handler of type [class org.springframework.web.servlet.resource.ResourceHttpRequestHandler]
2018-05-31 15:27:39:609 [3681 ms] INFO  [eptionResolver.initExceptionHandlerAdviceCache:288] ---- Detected @ExceptionHandler methods in exceptionHandlerAdvice
2018-05-31 15:27:39:921 [3993 ms] INFO  [ationMBeanExporter.afterSingletonsInstantiated:433] ---- Registering beans for JMX exposure on startup
2018-05-31 15:27:39:923 [3995 ms] INFO  [  o.s.j.e.a.AnnotationMBeanExporter.autodetect:895] ---- Bean with name 'dataSource' has been autodetected for JMX exposure
2018-05-31 15:27:39:929 [4001 ms] INFO  [a.AnnotationMBeanExporter.registerBeanInstance:668] ---- Located MBean 'dataSource': registering with JMX server as MBean [com.alibaba.druid.pool:name=dataSource,type=DruidDataSource]
2018-05-31 15:27:39:942 [4014 ms] INFO  [       o.a.coyote.http11.Http11NioProtocol.log:180] ---- Starting ProtocolHandler ["http-nio-8673"]
2018-05-31 15:27:39:951 [4023 ms] INFO  [       o.a.tomcat.util.net.NioSelectorPool.log:180] ---- Using a shared selector for servlet write/read
2018-05-31 15:27:39:968 [4040 ms] INFO  [        o.s.b.w.e.tomcat.TomcatWebServer.start:206] ---- Tomcat started on port(s): 8673 (http) with context path ''
2018-05-31 15:27:39:972 [4044 ms] INFO  [        c.u.d.DingzikaifaApplication.logStarted:59] ---- Started DingzikaifaApplication in 3.752 seconds (JVM running for 5.052)
2018-05-31 15:29:31:654 [990 ms] INFO  [       c.u.d.DingzikaifaApplication.logStarting:50] ---- Starting DingzikaifaApplication on guq-pc with PID 18756 (C:\git\dingzikaifa\target\classes started by guq-pc in C:\git\dingzikaifa)
2018-05-31 15:29:31:659 [995 ms] INFO  [d.DingzikaifaApplication.logStartupProfileInfo:659] ---- No active profile set, falling back to default profiles: default
2018-05-31 15:29:31:768 [1104 ms] INFO  [vletWebServerApplicationContext.prepareRefresh:590] ---- Refreshing org.springframework.boot.web.servlet.context.AnnotationConfigServletWebServerApplicationContext@6e171cd7: startup date [Thu May 31 15:29:31 CST 2018]; root of context hierarchy
2018-05-31 15:29:32:855 [2191 ms] WARN  [    o.m.s.mapper.ClassPathMapperScanner.doScan:166] ---- No MyBatis mapper was found in '[com.uas.dingzikaifa]' package. Please check your configuration.
2018-05-31 15:29:33:598 [2934 ms] INFO  [    o.s.b.w.e.tomcat.TomcatWebServer.initialize:91] ---- Tomcat initialized with port(s): 8673 (http)
2018-05-31 15:29:33:611 [2947 ms] INFO  [       o.a.coyote.http11.Http11NioProtocol.log:180] ---- Initializing ProtocolHandler ["http-nio-8673"]
2018-05-31 15:29:33:618 [2954 ms] INFO  [         o.a.catalina.core.StandardService.log:180] ---- Starting service [Tomcat]
2018-05-31 15:29:33:618 [2954 ms] INFO  [          o.a.catalina.core.StandardEngine.log:180] ---- Starting Servlet Engine: Apache Tomcat/8.5.31
2018-05-31 15:29:33:622 [2958 ms] INFO  [           o.a.c.core.AprLifecycleListener.log:180] ---- The APR based Apache Tomcat Native library which allows optimal performance in production environments was not found on the java.library.path: [C:\jdk1.8\bin;C:\WINDOWS\Sun\Java\bin;C:\WINDOWS\system32;C:\WINDOWS;C:\ProgramData\Oracle\Java\javapath;C:\app\guq-pc\product\11.2.0\dbhome_1\bin;C:\Program Files (x86)\Intel\iCLS Client\;C:\Program Files\Intel\iCLS Client\;C:\Windows\system32;C:\Windows;C:\Windows\System32\Wbem;C:\Windows\System32\WindowsPowerShell\v1.0\;C:\Program Files (x86)\Intel\Intel(R) Management Engine Components\DAL;C:\Program Files\Intel\Intel(R) Management Engine Components\DAL;C:\Program Files (x86)\Intel\Intel(R) Management Engine Components\IPT;C:\Program Files\Intel\Intel(R) Management Engine Components\IPT;C:\Program Files (x86)\NVIDIA Corporation\PhysX\Common;C:\jdk1.7.0_17\bin;C:\WINDOWS\system32;C:\WINDOWS;C:\WINDOWS\System32\Wbem;C:\WINDOWS\System32\WindowsPowerShell\v1.0\;C:\Program Files\OpenVPN\bin;C:\apache-maven-3.2.1\bin;C:\Program Files\TortoiseSVN\bin;C:\Program Files\Git\cmd;C:\Users\guh-pc\AppData\Local\Microsoft\WindowsApps;C:\Users\guh-pc\AppData\Local\GitHubDesktop\bin;%USERPROFILE%\AppData\Local\Microsoft\WindowsApps;;.]
2018-05-31 15:29:33:715 [3051 ms] INFO  [        o.a.c.c.C.[Tomcat].[localhost].[/].log:180] ---- Initializing Spring embedded WebApplicationContext
2018-05-31 15:29:33:715 [3051 ms] INFO  [ext.ContextLoader.prepareWebApplicationContext:285] ---- Root WebApplicationContext: initialization completed in 1947 ms
2018-05-31 15:29:33:837 [3173 ms] INFO  [.b.w.s.ServletRegistrationBean.addRegistration:185] ---- Servlet dispatcherServlet mapped to [/]
2018-05-31 15:29:33:842 [3178 ms] INFO  [    o.s.b.w.s.FilterRegistrationBean.configure:244] ---- Mapping filter: 'characterEncodingFilter' to: [/*]
2018-05-31 15:29:33:844 [3180 ms] INFO  [    o.s.b.w.s.FilterRegistrationBean.configure:244] ---- Mapping filter: 'hiddenHttpMethodFilter' to: [/*]
2018-05-31 15:29:33:845 [3181 ms] INFO  [    o.s.b.w.s.FilterRegistrationBean.configure:244] ---- Mapping filter: 'httpPutFormContentFilter' to: [/*]
2018-05-31 15:29:33:845 [3181 ms] INFO  [    o.s.b.w.s.FilterRegistrationBean.configure:244] ---- Mapping filter: 'requestContextFilter' to: [/*]
2018-05-31 15:29:34:079 [3415 ms] INFO  [.w.s.h.SimpleUrlHandlerMapping.registerHandler:373] ---- Mapped URL path [/**/favicon.ico] onto handler of type [class org.springframework.web.servlet.resource.ResourceHttpRequestHandler]
2018-05-31 15:29:34:277 [3613 ms] INFO  [appingHandlerAdapter.initControllerAdviceCache:574] ---- Looking for @ControllerAdvice: org.springframework.boot.web.servlet.context.AnnotationConfigServletWebServerApplicationContext@6e171cd7: startup date [Thu May 31 15:29:31 CST 2018]; root of context hierarchy
2018-05-31 15:29:34:343 [3679 ms] INFO  [.s.m.m.a.RequestMappingHandlerMapping.register:547] ---- Mapped "{[/dingzikaifa/getVersion]}" onto public java.lang.String com.uas.dingzikaifa.controller.ReqController.getVersion()
2018-05-31 15:29:34:346 [3682 ms] INFO  [.s.m.m.a.RequestMappingHandlerMapping.register:547] ---- Mapped "{[/dingzikaifa/toProdOut.action]}" onto public boolean com.uas.dingzikaifa.controller.ReqController.toProdOut(java.lang.String,java.lang.String) throws java.lang.IllegalAccessException
2018-05-31 15:29:34:348 [3684 ms] INFO  [.s.m.m.a.RequestMappingHandlerMapping.register:547] ---- Mapped "{[/error]}" onto public org.springframework.http.ResponseEntity<java.util.Map<java.lang.String, java.lang.Object>> org.springframework.boot.autoconfigure.web.servlet.error.BasicErrorController.error(javax.servlet.http.HttpServletRequest)
2018-05-31 15:29:34:350 [3686 ms] INFO  [.s.m.m.a.RequestMappingHandlerMapping.register:547] ---- Mapped "{[/error],produces=[text/html]}" onto public org.springframework.web.servlet.ModelAndView org.springframework.boot.autoconfigure.web.servlet.error.BasicErrorController.errorHtml(javax.servlet.http.HttpServletRequest,javax.servlet.http.HttpServletResponse)
2018-05-31 15:29:34:377 [3713 ms] INFO  [.w.s.h.SimpleUrlHandlerMapping.registerHandler:373] ---- Mapped URL path [/webjars/**] onto handler of type [class org.springframework.web.servlet.resource.ResourceHttpRequestHandler]
2018-05-31 15:29:34:377 [3713 ms] INFO  [.w.s.h.SimpleUrlHandlerMapping.registerHandler:373] ---- Mapped URL path [/**] onto handler of type [class org.springframework.web.servlet.resource.ResourceHttpRequestHandler]
2018-05-31 15:29:34:412 [3748 ms] INFO  [eptionResolver.initExceptionHandlerAdviceCache:288] ---- Detected @ExceptionHandler methods in exceptionHandlerAdvice
2018-05-31 15:29:34:672 [4008 ms] INFO  [ationMBeanExporter.afterSingletonsInstantiated:433] ---- Registering beans for JMX exposure on startup
2018-05-31 15:29:34:674 [4010 ms] INFO  [  o.s.j.e.a.AnnotationMBeanExporter.autodetect:895] ---- Bean with name 'dataSource' has been autodetected for JMX exposure
2018-05-31 15:29:34:680 [4016 ms] INFO  [a.AnnotationMBeanExporter.registerBeanInstance:668] ---- Located MBean 'dataSource': registering with JMX server as MBean [com.alibaba.druid.pool:name=dataSource,type=DruidDataSource]
2018-05-31 15:29:34:691 [4027 ms] INFO  [       o.a.coyote.http11.Http11NioProtocol.log:180] ---- Starting ProtocolHandler ["http-nio-8673"]
2018-05-31 15:29:34:701 [4037 ms] INFO  [       o.a.tomcat.util.net.NioSelectorPool.log:180] ---- Using a shared selector for servlet write/read
2018-05-31 15:29:34:718 [4054 ms] INFO  [        o.s.b.w.e.tomcat.TomcatWebServer.start:206] ---- Tomcat started on port(s): 8673 (http) with context path ''
2018-05-31 15:29:34:722 [4058 ms] INFO  [        c.u.d.DingzikaifaApplication.logStarted:59] ---- Started DingzikaifaApplication in 3.703 seconds (JVM running for 5.447)
2018-05-31 15:34:08:962 [244 ms] INFO  [              c.u.d.DingzikaifaApplication.main:45] ---- 开始启动了哈哈哈
2018-05-31 15:34:09:585 [867 ms] INFO  [       c.u.d.DingzikaifaApplication.logStarting:50] ---- Starting DingzikaifaApplication on guq-pc with PID 15456 (C:\git\dingzikaifa\target\classes started by guq-pc in C:\git\dingzikaifa)
2018-05-31 15:34:09:586 [868 ms] INFO  [d.DingzikaifaApplication.logStartupProfileInfo:659] ---- No active profile set, falling back to default profiles: default
2018-05-31 15:34:09:705 [987 ms] INFO  [vletWebServerApplicationContext.prepareRefresh:590] ---- Refreshing org.springframework.boot.web.servlet.context.AnnotationConfigServletWebServerApplicationContext@16ec5519: startup date [Thu May 31 15:34:09 CST 2018]; root of context hierarchy
2018-05-31 15:34:10:861 [2143 ms] WARN  [    o.m.s.mapper.ClassPathMapperScanner.doScan:166] ---- No MyBatis mapper was found in '[com.uas.dingzikaifa]' package. Please check your configuration.
2018-05-31 15:34:11:493 [2775 ms] INFO  [    o.s.b.w.e.tomcat.TomcatWebServer.initialize:91] ---- Tomcat initialized with port(s): 8673 (http)
2018-05-31 15:34:11:505 [2787 ms] INFO  [       o.a.coyote.http11.Http11NioProtocol.log:180] ---- Initializing ProtocolHandler ["http-nio-8673"]
2018-05-31 15:34:11:513 [2795 ms] INFO  [         o.a.catalina.core.StandardService.log:180] ---- Starting service [Tomcat]
2018-05-31 15:34:11:514 [2796 ms] INFO  [          o.a.catalina.core.StandardEngine.log:180] ---- Starting Servlet Engine: Apache Tomcat/8.5.31
2018-05-31 15:34:11:518 [2800 ms] INFO  [           o.a.c.core.AprLifecycleListener.log:180] ---- The APR based Apache Tomcat Native library which allows optimal performance in production environments was not found on the java.library.path: [C:\jdk1.8\bin;C:\WINDOWS\Sun\Java\bin;C:\WINDOWS\system32;C:\WINDOWS;C:\ProgramData\Oracle\Java\javapath;C:\app\guq-pc\product\11.2.0\dbhome_1\bin;C:\Program Files (x86)\Intel\iCLS Client\;C:\Program Files\Intel\iCLS Client\;C:\Windows\system32;C:\Windows;C:\Windows\System32\Wbem;C:\Windows\System32\WindowsPowerShell\v1.0\;C:\Program Files (x86)\Intel\Intel(R) Management Engine Components\DAL;C:\Program Files\Intel\Intel(R) Management Engine Components\DAL;C:\Program Files (x86)\Intel\Intel(R) Management Engine Components\IPT;C:\Program Files\Intel\Intel(R) Management Engine Components\IPT;C:\Program Files (x86)\NVIDIA Corporation\PhysX\Common;C:\jdk1.7.0_17\bin;C:\WINDOWS\system32;C:\WINDOWS;C:\WINDOWS\System32\Wbem;C:\WINDOWS\System32\WindowsPowerShell\v1.0\;C:\Program Files\OpenVPN\bin;C:\apache-maven-3.2.1\bin;C:\Program Files\TortoiseSVN\bin;C:\Program Files\Git\cmd;C:\Users\guh-pc\AppData\Local\Microsoft\WindowsApps;C:\Users\guh-pc\AppData\Local\GitHubDesktop\bin;%USERPROFILE%\AppData\Local\Microsoft\WindowsApps;;.]
2018-05-31 15:34:11:616 [2898 ms] INFO  [        o.a.c.c.C.[Tomcat].[localhost].[/].log:180] ---- Initializing Spring embedded WebApplicationContext
2018-05-31 15:34:11:617 [2899 ms] INFO  [ext.ContextLoader.prepareWebApplicationContext:285] ---- Root WebApplicationContext: initialization completed in 1912 ms
2018-05-31 15:34:11:740 [3022 ms] INFO  [.b.w.s.ServletRegistrationBean.addRegistration:185] ---- Servlet dispatcherServlet mapped to [/]
2018-05-31 15:34:11:744 [3026 ms] INFO  [    o.s.b.w.s.FilterRegistrationBean.configure:244] ---- Mapping filter: 'characterEncodingFilter' to: [/*]
2018-05-31 15:34:11:745 [3027 ms] INFO  [    o.s.b.w.s.FilterRegistrationBean.configure:244] ---- Mapping filter: 'hiddenHttpMethodFilter' to: [/*]
2018-05-31 15:34:11:745 [3027 ms] INFO  [    o.s.b.w.s.FilterRegistrationBean.configure:244] ---- Mapping filter: 'httpPutFormContentFilter' to: [/*]
2018-05-31 15:34:11:745 [3027 ms] INFO  [    o.s.b.w.s.FilterRegistrationBean.configure:244] ---- Mapping filter: 'requestContextFilter' to: [/*]
2018-05-31 15:34:11:982 [3264 ms] INFO  [.w.s.h.SimpleUrlHandlerMapping.registerHandler:373] ---- Mapped URL path [/**/favicon.ico] onto handler of type [class org.springframework.web.servlet.resource.ResourceHttpRequestHandler]
2018-05-31 15:34:12:199 [3481 ms] INFO  [appingHandlerAdapter.initControllerAdviceCache:574] ---- Looking for @ControllerAdvice: org.springframework.boot.web.servlet.context.AnnotationConfigServletWebServerApplicationContext@16ec5519: startup date [Thu May 31 15:34:09 CST 2018]; root of context hierarchy
2018-05-31 15:34:12:272 [3554 ms] INFO  [.s.m.m.a.RequestMappingHandlerMapping.register:547] ---- Mapped "{[/dingzikaifa/getVersion]}" onto public java.lang.String com.uas.dingzikaifa.controller.ReqController.getVersion()
2018-05-31 15:34:12:274 [3556 ms] INFO  [.s.m.m.a.RequestMappingHandlerMapping.register:547] ---- Mapped "{[/dingzikaifa/toProdOut.action]}" onto public boolean com.uas.dingzikaifa.controller.ReqController.toProdOut(java.lang.String,java.lang.String) throws java.lang.IllegalAccessException
2018-05-31 15:34:12:276 [3558 ms] INFO  [.s.m.m.a.RequestMappingHandlerMapping.register:547] ---- Mapped "{[/error]}" onto public org.springframework.http.ResponseEntity<java.util.Map<java.lang.String, java.lang.Object>> org.springframework.boot.autoconfigure.web.servlet.error.BasicErrorController.error(javax.servlet.http.HttpServletRequest)
2018-05-31 15:34:12:277 [3559 ms] INFO  [.s.m.m.a.RequestMappingHandlerMapping.register:547] ---- Mapped "{[/error],produces=[text/html]}" onto public org.springframework.web.servlet.ModelAndView org.springframework.boot.autoconfigure.web.servlet.error.BasicErrorController.errorHtml(javax.servlet.http.HttpServletRequest,javax.servlet.http.HttpServletResponse)
2018-05-31 15:34:12:305 [3587 ms] INFO  [.w.s.h.SimpleUrlHandlerMapping.registerHandler:373] ---- Mapped URL path [/webjars/**] onto handler of type [class org.springframework.web.servlet.resource.ResourceHttpRequestHandler]
2018-05-31 15:34:12:305 [3587 ms] INFO  [.w.s.h.SimpleUrlHandlerMapping.registerHandler:373] ---- Mapped URL path [/**] onto handler of type [class org.springframework.web.servlet.resource.ResourceHttpRequestHandler]
2018-05-31 15:34:12:320 [3602 ms] INFO  [eptionResolver.initExceptionHandlerAdviceCache:288] ---- Detected @ExceptionHandler methods in exceptionHandlerAdvice
2018-05-31 15:34:12:571 [3853 ms] INFO  [ationMBeanExporter.afterSingletonsInstantiated:433] ---- Registering beans for JMX exposure on startup
2018-05-31 15:34:12:572 [3854 ms] INFO  [  o.s.j.e.a.AnnotationMBeanExporter.autodetect:895] ---- Bean with name 'dataSource' has been autodetected for JMX exposure
2018-05-31 15:34:12:578 [3860 ms] INFO  [a.AnnotationMBeanExporter.registerBeanInstance:668] ---- Located MBean 'dataSource': registering with JMX server as MBean [com.alibaba.druid.pool:name=dataSource,type=DruidDataSource]
2018-05-31 15:34:12:591 [3873 ms] INFO  [       o.a.coyote.http11.Http11NioProtocol.log:180] ---- Starting ProtocolHandler ["http-nio-8673"]
2018-05-31 15:34:12:600 [3882 ms] INFO  [       o.a.tomcat.util.net.NioSelectorPool.log:180] ---- Using a shared selector for servlet write/read
2018-05-31 15:34:12:617 [3899 ms] INFO  [        o.s.b.w.e.tomcat.TomcatWebServer.start:206] ---- Tomcat started on port(s): 8673 (http) with context path ''
2018-05-31 15:34:12:621 [3903 ms] INFO  [        c.u.d.DingzikaifaApplication.logStarted:59] ---- Started DingzikaifaApplication in 3.516 seconds (JVM running for 4.848)
2018-05-31 15:34:12:624 [3906 ms] INFO  [              c.u.d.DingzikaifaApplication.main:47] ---- 开始结束了哈哈哈
